  Checkers.c
Checkers.c(20): warning C4996: 'strcpy': This function or variable may be unsafe. Consider using strcpy_s instead. To disable deprecation, use _CRT_SECURE_NO_WARNINGS. See online help for details.
Checkers.c(21): warning C4996: 'strcpy': This function or variable may be unsafe. Consider using strcpy_s instead. To disable deprecation, use _CRT_SECURE_NO_WARNINGS. See online help for details.
Checkers.c(22): warning C4996: 'strcpy': This function or variable may be unsafe. Consider using strcpy_s instead. To disable deprecation, use _CRT_SECURE_NO_WARNINGS. See online help for details.
Checkers.c(23): warning C4996: 'strcpy': This function or variable may be unsafe. Consider using strcpy_s instead. To disable deprecation, use _CRT_SECURE_NO_WARNINGS. See online help for details.
Checkers.c(24): warning C4996: 'strcpy': This function or variable may be unsafe. Consider using strcpy_s instead. To disable deprecation, use _CRT_SECURE_NO_WARNINGS. See online help for details.
Checkers.c(25): warning C4996: 'strcpy': This function or variable may be unsafe. Consider using strcpy_s instead. To disable deprecation, use _CRT_SECURE_NO_WARNINGS. See online help for details.
Checkers.c(27): warning C4477: 'printf' : format string '%s' requires an argument of type 'char *', but variadic argument 1 has type 'char **'
Checkers.c(28): warning C4996: 'putch': The POSIX name for this item is deprecated. Instead, use the ISO C and C++ conformant name: _putch. See online help for details.
  C:\Program Files (x86)\Windows Kits\10\Include\10.0.10240.0\ucrt\conio.h(461): note: see declaration of 'putch'
Checkers.c(18): warning C4101: 'Wpieace': unreferenced local variable
Checkers.c(18): warning C4101: 'Bpieace': unreferenced local variable
Checkers.c(18): warning C4101: 'black': unreferenced local variable
Checkers.c(39): warning C4477: 'printf' : format string '%c' requires an argument of type 'int', but variadic argument 1 has type 'char *'
Checkers.c(40): warning C4996: 'putch': The POSIX name for this item is deprecated. Instead, use the ISO C and C++ conformant name: _putch. See online help for details.
  C:\Program Files (x86)\Windows Kits\10\Include\10.0.10240.0\ucrt\conio.h(461): note: see declaration of 'putch'
  Generating code
  All 4 functions were compiled because no usable IPDB/IOBJ from previous compilation was found.
  Finished generating code
  MatamProject.vcxproj -> C:\Users\Leptop-Pc\Documents\Visual Studio 2015\Projects\MatamProject\Release\MatamProject.exe
  MatamProject.vcxproj -> C:\Users\Leptop-Pc\Documents\Visual Studio 2015\Projects\MatamProject\Release\MatamProject.pdb (Full PDB)
